Using pre-set license
Built from '2020.3/release' branch; Version is '2020.3.2f1 (8fd9074bf66c) revision 9427207'; Using compiler version '192528614'; Build Type 'Release'
OS: 'Windows 10 Home; OS build 19041.985; Version 2004; 64bit' Language: 'ko' Physical Memory: 16332 MB
BatchMode: 1, IsHumanControllingUs: 0, StartBugReporterOnCrash: 0, Is64bit: 1, IsPro: 0

 COMMAND LINE ARGUMENTS:
C:\Program Files\Unity\Hub\Editor\2020.3.2f1\Editor\Unity.exe
-adb2
-batchMode
-noUpm
-name
AssetImportWorker0
-projectPath
C:/Users/ckc20/OneDrive/Desktop/melody_defense
-logFile
Logs/AssetImportWorker0.log
-srvPort
53692
Successfully changed project path to: C:/Users/ckc20/OneDrive/Desktop/melody_defense
C:/Users/ckc20/OneDrive/Desktop/melody_defense
Using Asset Import Pipeline V2.
Refreshing native plugins compatible for Editor in 39.70 ms, found 1 plugins.
Preloading 0 native plugins for Editor in 0.00 ms.
Initialize engine version: 2020.3.2f1 (8fd9074bf66c)
[Subsystems] Discovering subsystems at path C:/Program Files/Unity/Hub/Editor/2020.3.2f1/Editor/Data/Resources/UnitySubsystems
[Subsystems] Discovering subsystems at path C:/Users/ckc20/OneDrive/Desktop/melody_defense/Assets
GfxDevice: creating device client; threaded=0
Direct3D:
    Version:  Direct3D 11.0 [level 11.1]
    Renderer: NVIDIA GeForce GTX 1660 (ID=0x2184)
    Vendor:   
    VRAM:     5991 MB
    Driver:   27.21.14.5671
Initialize mono
Mono path[0] = 'C:/Program Files/Unity/Hub/Editor/2020.3.2f1/Editor/Data/Managed'
Mono path[1] = 'C:/Program Files/Unity/Hub/Editor/2020.3.2f1/Editor/Data/MonoBleedingEdge/lib/mono/unityjit'
Mono config path = 'C:/Program Files/Unity/Hub/Editor/2020.3.2f1/Editor/Data/MonoBleedingEdge/etc'
Using monoOptions --debugger-agent=transport=dt_socket,embedding=1,server=y,suspend=n,address=127.0.0.1:56756
Begin MonoManager ReloadAssembly
Registering precompiled unity dll's ...
Register platform support module: C:/Program Files/Unity/Hub/Editor/2020.3.2f1/Editor/Data/PlaybackEngines/WebGLSupport/UnityEditor.WebGL.Extensions.dll
Register platform support module: C:/Program Files/Unity/Hub/Editor/2020.3.2f1/Editor/Data/PlaybackEngines/WindowsStandaloneSupport/UnityEditor.WindowsStandalone.Extensions.dll
Registered in 0.008178 seconds.
Native extension for WindowsStandalone target not found
Native extension for WebGL target not found
Refreshing native plugins compatible for Editor in 38.49 ms, found 1 plugins.
Preloading 0 native plugins for Editor in 0.00 ms.
Invoked RoslynAnalysisRunner static constructor.
RoslynAnalysisRunner will not be running.
RoslynAnalysisRunner has terminated.
Mono: successfully reloaded assembly
- Completed reload, in  2.402 seconds
Platform modules already initialized, skipping
Registering precompiled user dll's ...
Registered in 0.002193 seconds.
Begin MonoManager ReloadAssembly
Native extension for WindowsStandalone target not found
Native extension for WebGL target not found
Refreshing native plugins compatible for Editor in 37.95 ms, found 1 plugins.
Preloading 0 native plugins for Editor in 0.00 ms.
Invoked RoslynAnalysisRunner static constructor.
RoslynAnalysisRunner will not be running.
RoslynAnalysisRunner has terminated.
Mono: successfully reloaded assembly
- Completed reload, in  1.154 seconds
Platform modules already initialized, skipping
========================================================================
Worker process is ready to serve import requests
Launched and connected shader compiler UnityShaderCompiler.exe after 0.05 seconds
Refreshing native plugins compatible for Editor in 0.34 ms, found 1 plugins.
Preloading 0 native plugins for Editor in 0.00 ms.
Unloading 1838 Unused Serialized files (Serialized files now loaded: 0)
System memory in use before: 85.9 MB.
System memory in use after: 85.8 MB.

Unloading 24 unused Assets to reduce memory usage. Loaded Objects now: 2282.
Total: 2.073400 ms (FindLiveObjects: 0.216700 ms CreateObjectMapping: 0.046900 ms MarkObjects: 1.672000 ms  DeleteObjects: 0.136700 ms)

========================================================================
Received Import Request.
  path: Assets/Resource/waterfall.png
  artifactKey: Guid(64d4b49829f8ab945a429104e2826555) Importer(815301076,1909f56bfc062723c751e8b465ee728b)
Start importing Assets/Resource/waterfall.png using Guid(64d4b49829f8ab945a429104e2826555) Importer(815301076,1909f56bfc062723c751e8b465ee728b)  -> (artifact id: 'ba4a9e46fa6f680a6dad4a2b32b7fd8f') in 0.135501 seconds
  Import took 0.138494 seconds .

========================================================================
Received Import Request.
  Time since last request: 59.563665 seconds.
  path: Assets/Resource/waterfall.png
  artifactKey: Guid(64d4b49829f8ab945a429104e2826555) Importer(815301076,1909f56bfc062723c751e8b465ee728b)
Start importing Assets/Resource/waterfall.png using Guid(64d4b49829f8ab945a429104e2826555) Importer(815301076,1909f56bfc062723c751e8b465ee728b)  -> (artifact id: 'ffb0d9922209ff363e7020dc13290d14') in 0.026745 seconds
  Import took 0.029895 seconds .

========================================================================
Received Import Request.
  Time since last request: 35.093834 seconds.
  path: Assets/Resource/waterfall.png
  artifactKey: Guid(64d4b49829f8ab945a429104e2826555) Importer(815301076,1909f56bfc062723c751e8b465ee728b)
Start importing Assets/Resource/waterfall.png using Guid(64d4b49829f8ab945a429104e2826555) Importer(815301076,1909f56bfc062723c751e8b465ee728b)  -> (artifact id: 'e9b06111f2834f04f33b74433cc5645e') in 0.030396 seconds
  Import took 0.034000 seconds .

========================================================================
Received Import Request.
  Time since last request: 18.925668 seconds.
  path: Assets/Resource/waterfall.png
  artifactKey: Guid(64d4b49829f8ab945a429104e2826555) Importer(815301076,1909f56bfc062723c751e8b465ee728b)
Start importing Assets/Resource/waterfall.png using Guid(64d4b49829f8ab945a429104e2826555) Importer(815301076,1909f56bfc062723c751e8b465ee728b)  -> (artifact id: '98ead55a286df9e87e3098e6dda9b6f6') in 0.022124 seconds
  Import took 0.025074 seconds .

========================================================================
Received Import Request.
  Time since last request: 0.001736 seconds.
  path: Assets/Resource/waterfall.png
  artifactKey: Guid(64d4b49829f8ab945a429104e2826555) Importer(815301076,1909f56bfc062723c751e8b465ee728b)
Start importing Assets/Resource/waterfall.png using Guid(64d4b49829f8ab945a429104e2826555) Importer(815301076,1909f56bfc062723c751e8b465ee728b)  -> (artifact id: '98ead55a286df9e87e3098e6dda9b6f6') in 0.028315 seconds
  Import took 0.031359 seconds .

========================================================================
Received Import Request.
  Time since last request: 7.096105 seconds.
  path: Assets/Resource/waterfall.png
  artifactKey: Guid(64d4b49829f8ab945a429104e2826555) Importer(815301076,1909f56bfc062723c751e8b465ee728b)
Start importing Assets/Resource/waterfall.png using Guid(64d4b49829f8ab945a429104e2826555) Importer(815301076,1909f56bfc062723c751e8b465ee728b)  -> (artifact id: 'd8098054f41b10802feae622f0ac320e') in 0.019744 seconds
  Import took 0.022723 seconds .

========================================================================
Received Import Request.
  Time since last request: 0.091087 seconds.
  path: Assets/Resource/waterfall.png
  artifactKey: Guid(64d4b49829f8ab945a429104e2826555) Importer(815301076,1909f56bfc062723c751e8b465ee728b)
Start importing Assets/Resource/waterfall.png using Guid(64d4b49829f8ab945a429104e2826555) Importer(815301076,1909f56bfc062723c751e8b465ee728b)  -> (artifact id: 'd8098054f41b10802feae622f0ac320e') in 0.023011 seconds
  Import took 0.025984 seconds .

========================================================================
Received Import Request.
  Time since last request: 76.449298 seconds.
  path: Assets/Resource/waterfall.png
  artifactKey: Guid(64d4b49829f8ab945a429104e2826555) Importer(815301076,1909f56bfc062723c751e8b465ee728b)
Start importing Assets/Resource/waterfall.png using Guid(64d4b49829f8ab945a429104e2826555) Importer(815301076,1909f56bfc062723c751e8b465ee728b)  -> (artifact id: '76e17c957748b3c0d9cc39f54c6cc2e3') in 0.026934 seconds
  Import took 0.029862 seconds .

AssetImportWorkerClient::OnTransportError - code=2 error=End of file
